2022/10/05 12:54:13 [emerg] 1#1: host not found in upstream "php" in /etc/nginx/conf.d/default.conf:9
2022/10/05 12:56:11 [notice] 1#1: using the "epoll" event method
2022/10/05 12:56:11 [notice] 1#1: nginx/1.23.1
2022/10/05 12:56:11 [notice] 1#1: built by gcc 11.2.1 20220219 (Alpine 11.2.1_git20220219) 
2022/10/05 12:56:11 [notice] 1#1: OS: Linux 5.10.102.1-microsoft-standard-WSL2
2022/10/05 12:56:11 [notice] 1#1: getrlimit(RLIMIT_NOFILE): 1048576:1048576
2022/10/05 12:56:11 [notice] 1#1: start worker processes
2022/10/05 12:56:11 [notice] 1#1: start worker process 31
2022/10/05 12:56:11 [notice] 1#1: start worker process 32
2022/10/05 12:56:11 [notice] 1#1: start worker process 33
2022/10/05 12:56:11 [notice] 1#1: start worker process 34
2022/10/05 12:56:11 [notice] 1#1: start worker process 35
2022/10/05 12:56:11 [notice] 1#1: start worker process 36
2022/10/05 12:56:11 [notice] 1#1: start worker process 37
2022/10/05 12:56:11 [notice] 1#1: start worker process 38
2022/10/05 12:58:07 [error] 32#32: *2 open() "/var/www/html/favicon.ico" failed (2: No such file or directory), client: 172.20.0.1, server: , request: "GET /favicon.ico HTTP/1.1", host: "localhost:8090", referrer: "http://localhost:8090/"
2022/10/05 12:59:33 [notice] 1#1: signal 3 (SIGQUIT) received, shutting down
2022/10/05 12:59:33 [notice] 31#31: gracefully shutting down
2022/10/05 12:59:33 [notice] 32#32: gracefully shutting down
2022/10/05 12:59:33 [notice] 33#33: gracefully shutting down
2022/10/05 12:59:33 [notice] 33#33: exiting
2022/10/05 12:59:33 [notice] 34#34: gracefully shutting down
2022/10/05 12:59:33 [notice] 34#34: exiting
2022/10/05 12:59:33 [notice] 35#35: gracefully shutting down
2022/10/05 12:59:33 [notice] 36#36: gracefully shutting down
2022/10/05 12:59:33 [notice] 37#37: gracefully shutting down
2022/10/05 12:59:33 [notice] 38#38: gracefully shutting down
2022/10/05 12:59:33 [notice] 38#38: exiting
2022/10/05 12:59:33 [notice] 31#31: exiting
2022/10/05 12:59:33 [notice] 38#38: exit
2022/10/05 12:59:33 [notice] 32#32: exiting
2022/10/05 12:59:33 [notice] 33#33: exit
2022/10/05 12:59:33 [notice] 34#34: exit
2022/10/05 12:59:33 [notice] 35#35: exiting
2022/10/05 12:59:33 [notice] 36#36: exiting
2022/10/05 12:59:33 [notice] 37#37: exiting
2022/10/05 12:59:33 [notice] 31#31: exit
2022/10/05 12:59:33 [notice] 32#32: exit
2022/10/05 12:59:33 [notice] 35#35: exit
2022/10/05 12:59:33 [notice] 36#36: exit
2022/10/05 12:59:33 [notice] 37#37: exit
2022/10/05 12:59:33 [notice] 1#1: signal 17 (SIGCHLD) received from 36
2022/10/05 12:59:33 [notice] 1#1: worker process 32 exited with code 0
2022/10/05 12:59:33 [notice] 1#1: worker process 36 exited with code 0
2022/10/05 12:59:33 [notice] 1#1: signal 29 (SIGIO) received
2022/10/05 12:59:33 [notice] 1#1: signal 17 (SIGCHLD) received from 38
2022/10/05 12:59:33 [notice] 1#1: worker process 38 exited with code 0
2022/10/05 12:59:33 [notice] 1#1: signal 29 (SIGIO) received
2022/10/05 12:59:33 [notice] 1#1: signal 17 (SIGCHLD) received from 35
2022/10/05 12:59:33 [notice] 1#1: worker process 31 exited with code 0
2022/10/05 12:59:33 [notice] 1#1: worker process 33 exited with code 0
2022/10/05 12:59:33 [notice] 1#1: worker process 35 exited with code 0
2022/10/05 12:59:33 [notice] 1#1: signal 29 (SIGIO) received
2022/10/05 12:59:33 [notice] 1#1: signal 17 (SIGCHLD) received from 31
2022/10/05 12:59:33 [notice] 1#1: signal 17 (SIGCHLD) received from 37
2022/10/05 12:59:33 [notice] 1#1: worker process 37 exited with code 0
2022/10/05 12:59:33 [notice] 1#1: signal 29 (SIGIO) received
2022/10/05 12:59:33 [notice] 1#1: signal 17 (SIGCHLD) received from 34
2022/10/05 12:59:33 [notice] 1#1: worker process 34 exited with code 0
2022/10/05 12:59:33 [notice] 1#1: exit
2022/10/05 12:59:40 [notice] 1#1: using the "epoll" event method
2022/10/05 12:59:40 [notice] 1#1: nginx/1.23.1
2022/10/05 12:59:40 [notice] 1#1: built by gcc 11.2.1 20220219 (Alpine 11.2.1_git20220219) 
2022/10/05 12:59:40 [notice] 1#1: OS: Linux 5.10.102.1-microsoft-standard-WSL2
2022/10/05 12:59:40 [notice] 1#1: getrlimit(RLIMIT_NOFILE): 1048576:1048576
2022/10/05 12:59:40 [notice] 1#1: start worker processes
2022/10/05 12:59:40 [notice] 1#1: start worker process 31
2022/10/05 12:59:40 [notice] 1#1: start worker process 32
2022/10/05 12:59:40 [notice] 1#1: start worker process 33
2022/10/05 12:59:40 [notice] 1#1: start worker process 34
2022/10/05 12:59:40 [notice] 1#1: start worker process 35
2022/10/05 12:59:40 [notice] 1#1: start worker process 36
2022/10/05 12:59:40 [notice] 1#1: start worker process 37
2022/10/05 12:59:40 [notice] 1#1: start worker process 38
2022/10/05 13:00:01 [error] 31#31: *1 open() "/var/www/html/favicon.ico" failed (2: No such file or directory), client: 172.21.0.1, server: , request: "GET /favicon.ico HTTP/1.1", host: "localhost:8091", referrer: "http://localhost:8091/"
2022/10/05 13:10:45 [notice] 1#1: signal 3 (SIGQUIT) received, shutting down
2022/10/05 13:10:45 [notice] 31#31: gracefully shutting down
2022/10/05 13:10:45 [notice] 32#32: gracefully shutting down
2022/10/05 13:10:45 [notice] 33#33: gracefully shutting down
2022/10/05 13:10:45 [notice] 34#34: gracefully shutting down
2022/10/05 13:10:45 [notice] 35#35: gracefully shutting down
2022/10/05 13:10:45 [notice] 37#37: gracefully shutting down
2022/10/05 13:10:45 [notice] 36#36: gracefully shutting down
2022/10/05 13:10:45 [notice] 38#38: gracefully shutting down
2022/10/05 13:10:45 [notice] 36#36: exiting
2022/10/05 13:10:45 [notice] 31#31: exiting
2022/10/05 13:10:45 [notice] 32#32: exiting
2022/10/05 13:10:45 [notice] 38#38: exiting
2022/10/05 13:10:45 [notice] 33#33: exiting
2022/10/05 13:10:45 [notice] 35#35: exiting
2022/10/05 13:10:45 [notice] 37#37: exiting
2022/10/05 13:10:45 [notice] 34#34: exiting
2022/10/05 13:10:45 [notice] 36#36: exit
2022/10/05 13:10:45 [notice] 31#31: exit
2022/10/05 13:10:45 [notice] 32#32: exit
2022/10/05 13:10:45 [notice] 38#38: exit
2022/10/05 13:10:45 [notice] 33#33: exit
2022/10/05 13:10:45 [notice] 35#35: exit
2022/10/05 13:10:45 [notice] 37#37: exit
2022/10/05 13:10:45 [notice] 34#34: exit
2022/10/05 13:10:45 [notice] 1#1: signal 17 (SIGCHLD) received from 33
2022/10/05 13:10:45 [notice] 1#1: worker process 31 exited with code 0
2022/10/05 13:10:45 [notice] 1#1: worker process 32 exited with code 0
2022/10/05 13:10:45 [notice] 1#1: worker process 33 exited with code 0
2022/10/05 13:10:45 [notice] 1#1: worker process 34 exited with code 0
2022/10/05 13:10:45 [notice] 1#1: worker process 35 exited with code 0
2022/10/05 13:10:45 [notice] 1#1: signal 29 (SIGIO) received
2022/10/05 13:10:45 [notice] 1#1: signal 17 (SIGCHLD) received from 35
2022/10/05 13:10:45 [notice] 1#1: signal 17 (SIGCHLD) received from 38
2022/10/05 13:10:45 [notice] 1#1: worker process 37 exited with code 0
2022/10/05 13:10:45 [notice] 1#1: worker process 36 exited with code 0
2022/10/05 13:10:45 [notice] 1#1: worker process 38 exited with code 0
2022/10/05 13:10:45 [notice] 1#1: exit
2022/10/05 13:36:37 [notice] 1#1: using the "epoll" event method
2022/10/05 13:36:37 [notice] 1#1: nginx/1.23.1
2022/10/05 13:36:37 [notice] 1#1: built by gcc 11.2.1 20220219 (Alpine 11.2.1_git20220219) 
2022/10/05 13:36:37 [notice] 1#1: OS: Linux 5.10.102.1-microsoft-standard-WSL2
2022/10/05 13:36:37 [notice] 1#1: getrlimit(RLIMIT_NOFILE): 1048576:1048576
2022/10/05 13:36:37 [notice] 1#1: start worker processes
2022/10/05 13:36:37 [notice] 1#1: start worker process 31
2022/10/05 13:36:37 [notice] 1#1: start worker process 32
2022/10/05 13:36:37 [notice] 1#1: start worker process 33
2022/10/05 13:36:37 [notice] 1#1: start worker process 34
2022/10/05 13:36:37 [notice] 1#1: start worker process 35
2022/10/05 13:36:37 [notice] 1#1: start worker process 36
2022/10/05 13:36:37 [notice] 1#1: start worker process 37
2022/10/05 13:36:37 [notice] 1#1: start worker process 38
2022/10/05 13:36:50 [error] 31#31: *1 directory index of "/var/www/html/" is forbidden, client: 172.25.0.1, server: , request: "GET / HTTP/1.1", host: "localhost:8090"
2022/10/05 13:36:57 [error] 31#31: *2 directory index of "/var/www/html/" is forbidden, client: 172.25.0.1, server: , request: "GET / HTTP/1.1", host: "localhost:8091"
2022/10/05 13:36:59 [error] 31#31: *2 directory index of "/var/www/html/" is forbidden, client: 172.25.0.1, server: , request: "GET / HTTP/1.1", host: "localhost:8091"
2022/10/05 13:37:32 [notice] 1#1: signal 3 (SIGQUIT) received, shutting down
2022/10/05 13:37:32 [notice] 31#31: gracefully shutting down
2022/10/05 13:37:32 [notice] 38#38: gracefully shutting down
2022/10/05 13:37:32 [notice] 33#33: gracefully shutting down
2022/10/05 13:37:32 [notice] 32#32: gracefully shutting down
2022/10/05 13:37:32 [notice] 34#34: gracefully shutting down
2022/10/05 13:37:32 [notice] 35#35: gracefully shutting down
2022/10/05 13:37:32 [notice] 36#36: gracefully shutting down
2022/10/05 13:37:32 [notice] 37#37: gracefully shutting down
2022/10/05 13:37:32 [notice] 31#31: exiting
2022/10/05 13:37:32 [notice] 38#38: exiting
2022/10/05 13:37:32 [notice] 33#33: exiting
2022/10/05 13:37:32 [notice] 32#32: exiting
2022/10/05 13:37:32 [notice] 34#34: exiting
2022/10/05 13:37:32 [notice] 35#35: exiting
2022/10/05 13:37:32 [notice] 36#36: exiting
2022/10/05 13:37:32 [notice] 35#35: exit
2022/10/05 13:37:32 [notice] 37#37: exiting
2022/10/05 13:37:32 [notice] 31#31: exit
2022/10/05 13:37:32 [notice] 38#38: exit
2022/10/05 13:37:32 [notice] 33#33: exit
2022/10/05 13:37:32 [notice] 32#32: exit
2022/10/05 13:37:32 [notice] 34#34: exit
2022/10/05 13:37:32 [notice] 36#36: exit
2022/10/05 13:37:32 [notice] 37#37: exit
2022/10/05 13:37:32 [notice] 1#1: signal 17 (SIGCHLD) received from 36
2022/10/05 13:37:32 [notice] 1#1: worker process 36 exited with code 0
2022/10/05 13:37:32 [notice] 1#1: signal 29 (SIGIO) received
2022/10/05 13:37:32 [notice] 1#1: signal 17 (SIGCHLD) received from 35
2022/10/05 13:37:32 [notice] 1#1: worker process 31 exited with code 0
2022/10/05 13:37:32 [notice] 1#1: worker process 32 exited with code 0
2022/10/05 13:37:32 [notice] 1#1: worker process 35 exited with code 0
2022/10/05 13:37:32 [notice] 1#1: signal 29 (SIGIO) received
2022/10/05 13:37:32 [notice] 1#1: signal 17 (SIGCHLD) received from 31
2022/10/05 13:37:32 [notice] 1#1: signal 17 (SIGCHLD) received from 34
2022/10/05 13:37:32 [notice] 1#1: worker process 33 exited with code 0
2022/10/05 13:37:32 [notice] 1#1: worker process 34 exited with code 0
2022/10/05 13:37:32 [notice] 1#1: worker process 37 exited with code 0
2022/10/05 13:37:32 [notice] 1#1: worker process 38 exited with code 0
2022/10/05 13:37:32 [notice] 1#1: exit
2022/10/05 13:37:36 [notice] 1#1: using the "epoll" event method
2022/10/05 13:37:36 [notice] 1#1: nginx/1.23.1
2022/10/05 13:37:36 [notice] 1#1: built by gcc 11.2.1 20220219 (Alpine 11.2.1_git20220219) 
2022/10/05 13:37:36 [notice] 1#1: OS: Linux 5.10.102.1-microsoft-standard-WSL2
2022/10/05 13:37:36 [notice] 1#1: getrlimit(RLIMIT_NOFILE): 1048576:1048576
2022/10/05 13:37:36 [notice] 1#1: start worker processes
2022/10/05 13:37:36 [notice] 1#1: start worker process 31
2022/10/05 13:37:36 [notice] 1#1: start worker process 32
2022/10/05 13:37:36 [notice] 1#1: start worker process 33
2022/10/05 13:37:36 [notice] 1#1: start worker process 34
2022/10/05 13:37:36 [notice] 1#1: start worker process 35
2022/10/05 13:37:36 [notice] 1#1: start worker process 36
2022/10/05 13:37:36 [notice] 1#1: start worker process 37
2022/10/05 13:37:36 [notice] 1#1: start worker process 38
2022/10/05 13:39:45 [notice] 1#1: signal 3 (SIGQUIT) received, shutting down
2022/10/05 13:39:45 [notice] 32#32: gracefully shutting down
2022/10/05 13:39:45 [notice] 31#31: gracefully shutting down
2022/10/05 13:39:45 [notice] 33#33: gracefully shutting down
2022/10/05 13:39:45 [notice] 34#34: gracefully shutting down
2022/10/05 13:39:45 [notice] 34#34: exiting
2022/10/05 13:39:45 [notice] 35#35: gracefully shutting down
2022/10/05 13:39:45 [notice] 36#36: gracefully shutting down
2022/10/05 13:39:45 [notice] 37#37: gracefully shutting down
2022/10/05 13:39:45 [notice] 38#38: gracefully shutting down
2022/10/05 13:39:45 [notice] 32#32: exiting
2022/10/05 13:39:45 [notice] 31#31: exiting
2022/10/05 13:39:45 [notice] 33#33: exiting
2022/10/05 13:39:45 [notice] 34#34: exit
2022/10/05 13:39:45 [notice] 35#35: exiting
2022/10/05 13:39:45 [notice] 36#36: exiting
2022/10/05 13:39:45 [notice] 37#37: exiting
2022/10/05 13:39:45 [notice] 38#38: exiting
2022/10/05 13:39:45 [notice] 32#32: exit
2022/10/05 13:39:45 [notice] 31#31: exit
2022/10/05 13:39:45 [notice] 33#33: exit
2022/10/05 13:39:45 [notice] 35#35: exit
2022/10/05 13:39:45 [notice] 36#36: exit
2022/10/05 13:39:45 [notice] 37#37: exit
2022/10/05 13:39:45 [notice] 38#38: exit
2022/10/05 13:39:45 [notice] 1#1: signal 17 (SIGCHLD) received from 34
2022/10/05 13:39:45 [notice] 1#1: worker process 33 exited with code 0
2022/10/05 13:39:45 [notice] 1#1: worker process 34 exited with code 0
2022/10/05 13:39:45 [notice] 1#1: signal 29 (SIGIO) received
2022/10/05 13:39:45 [notice] 1#1: signal 17 (SIGCHLD) received from 32
2022/10/05 13:39:45 [notice] 1#1: worker process 32 exited with code 0
2022/10/05 13:39:45 [notice] 1#1: signal 29 (SIGIO) received
2022/10/05 13:39:46 [notice] 1#1: signal 17 (SIGCHLD) received from 36
2022/10/05 13:39:46 [notice] 1#1: worker process 31 exited with code 0
2022/10/05 13:39:46 [notice] 1#1: worker process 36 exited with code 0
2022/10/05 13:39:46 [notice] 1#1: signal 29 (SIGIO) received
2022/10/05 13:39:46 [notice] 1#1: signal 17 (SIGCHLD) received from 37
2022/10/05 13:39:46 [notice] 1#1: worker process 35 exited with code 0
2022/10/05 13:39:46 [notice] 1#1: worker process 37 exited with code 0
2022/10/05 13:39:46 [notice] 1#1: worker process 38 exited with code 0
2022/10/05 13:39:46 [notice] 1#1: exit
2022/10/05 13:39:52 [notice] 1#1: using the "epoll" event method
2022/10/05 13:39:52 [notice] 1#1: nginx/1.23.1
2022/10/05 13:39:52 [notice] 1#1: built by gcc 11.2.1 20220219 (Alpine 11.2.1_git20220219) 
2022/10/05 13:39:52 [notice] 1#1: OS: Linux 5.10.102.1-microsoft-standard-WSL2
2022/10/05 13:39:52 [notice] 1#1: getrlimit(RLIMIT_NOFILE): 1048576:1048576
2022/10/05 13:39:52 [notice] 1#1: start worker processes
2022/10/05 13:39:52 [notice] 1#1: start worker process 31
2022/10/05 13:39:52 [notice] 1#1: start worker process 32
2022/10/05 13:39:52 [notice] 1#1: start worker process 33
2022/10/05 13:39:52 [notice] 1#1: start worker process 34
2022/10/05 13:39:52 [notice] 1#1: start worker process 35
2022/10/05 13:39:52 [notice] 1#1: start worker process 36
2022/10/05 13:39:52 [notice] 1#1: start worker process 37
2022/10/05 13:39:52 [notice] 1#1: start worker process 38
2022/10/05 13:40:04 [error] 31#31: *3 open() "/var/www/html/favicon.ico" failed (2: No such file or directory), client: 172.27.0.1, server: , request: "GET /favicon.ico HTTP/1.1", host: "localhost:8090", referrer: "http://localhost:8090/"
2022/10/05 14:21:42 [error] 31#31: *43 open() "/var/www/html/favicon.ico" failed (2: No such file or directory), client: 172.27.0.1, server: , request: "GET /favicon.ico HTTP/1.1", host: "localhost:8090", referrer: "http://localhost:8090/"
2022/10/05 16:29:47 [notice] 1#1: using the "epoll" event method
2022/10/05 16:29:47 [notice] 1#1: nginx/1.23.1
2022/10/05 16:29:47 [notice] 1#1: built by gcc 11.2.1 20220219 (Alpine 11.2.1_git20220219) 
2022/10/05 16:29:47 [notice] 1#1: OS: Linux 5.10.102.1-microsoft-standard-WSL2
2022/10/05 16:29:47 [notice] 1#1: getrlimit(RLIMIT_NOFILE): 1048576:1048576
2022/10/05 16:29:47 [notice] 1#1: start worker processes
2022/10/05 16:29:47 [notice] 1#1: start worker process 31
2022/10/05 16:29:47 [notice] 1#1: start worker process 32
2022/10/05 16:29:47 [notice] 1#1: start worker process 33
2022/10/05 16:29:47 [notice] 1#1: start worker process 34
2022/10/05 16:29:47 [notice] 1#1: start worker process 35
2022/10/05 16:29:47 [notice] 1#1: start worker process 36
2022/10/05 16:29:47 [notice] 1#1: start worker process 37
2022/10/05 16:29:47 [notice] 1#1: start worker process 38
